05-02-23 10:17:12 - load country code.....
05-02-23 10:17:12 - starting request....
05-02-23 10:30:45 - request done !!!
05-02-23 10:30:45 - start change columns.....
05-02-23 10:30:45 - change columns done.....
05-02-23 10:30:45 - start format year.....
05-02-23 10:30:45 - format year done.....
05-02-23 10:30:45 - start writing to csv.....
05-02-23 10:30:51 - writing to csv done .....
05-02-23 10:30:51 - start compute score country by year .....
05-02-23 10:30:51 -  end compute score country by year .....
05-02-23 10:30:51 -  start feature selection .....
05-02-23 10:30:51 -  end feature selection .....
05-02-23 10:30:51 - start final writing to csv.....
05-02-23 10:30:55 - end final writing to csv.....
05-02-23 10:30:55 - done ETL.....
05-02-23 12:30:23 - load country code.....
05-02-23 12:30:23 - starting request....
05-02-23 14:59:44 - load country code.....
05-02-23 14:59:44 - starting request....
05-02-23 15:11:33 - request done !!!
05-02-23 15:11:33 - start change columns.....
05-02-23 15:11:33 - change columns done.....
05-02-23 15:11:33 - start format year.....
05-02-23 15:11:33 - format year done.....
05-02-23 15:11:33 - start writing to excel.....
05-02-23 15:11:38 - writing to excel done .....
05-02-23 15:11:38 - start compute score country by year .....
05-02-23 15:11:39 -  end compute score country by year .....
05-02-23 15:11:39 -  start feature selection .....
05-02-23 15:11:39 -  end feature selection .....
05-02-23 15:11:39 - start final writing to excel.....
05-02-23 15:11:43 - end final writing to excel.....
05-02-23 15:11:43 - done ETL.....
