04-02-23 19:50:44 - loading data of methane emission
04-02-23 19:51:12 - loading data of methane emission
04-02-23 19:51:12 - the value is available
04-02-23 19:51:12 - starting compute score using clustering
04-02-23 19:52:07 - loading data of methane emission
04-02-23 19:52:07 - the value is available
04-02-23 19:52:07 - starting compute score using clustering
04-02-23 19:53:13 - loading data of methane emission
04-02-23 19:53:13 - the value is available
04-02-23 19:53:13 - starting compute score using clustering
04-02-23 19:53:51 - loading data of methane emission
04-02-23 19:53:51 - the value is available
04-02-23 19:53:51 - starting compute score using clustering
04-02-23 19:55:39 - loading data of methane emission
04-02-23 19:55:39 - the value is available
04-02-23 19:55:39 - starting compute score using clustering
04-02-23 19:56:36 - loading data of methane emission
04-02-23 19:56:36 - the value is available
04-02-23 19:56:36 - starting compute score using clustering
04-02-23 19:57:34 - loading data of methane emission
04-02-23 19:57:34 - the value is available
04-02-23 19:57:34 - starting compute score using clustering
04-02-23 19:59:05 - loading data of methane emission
04-02-23 19:59:05 - the value is available
04-02-23 19:59:05 - starting compute score using clustering
04-02-23 20:15:24 - loading data of methane emission
04-02-23 20:15:24 - the value is available
04-02-23 20:15:24 - starting compute score using clustering
04-02-23 20:15:44 - loading data of methane emission
04-02-23 20:15:44 - the value is available
04-02-23 20:15:44 - starting compute score using clustering
04-02-23 20:15:58 - loading data of methane emission
04-02-23 20:15:58 - the value is available
04-02-23 20:15:58 - starting compute score using clustering
04-02-23 21:47:20 - loading data of methane emission
04-02-23 21:47:21 - the value is available
04-02-23 21:47:21 - starting compute score using clustering
04-02-23 21:50:02 - loading data of methane emission
04-02-23 21:50:03 - the value is available
04-02-23 21:50:03 - starting compute score using clustering
04-02-23 21:52:01 - loading data of methane emission
04-02-23 21:52:03 - the value is available
04-02-23 21:52:03 - starting compute score using clustering
04-02-23 21:52:06 - loading data of methane emission
04-02-23 21:52:07 - the value is available
04-02-23 21:52:07 - starting compute score using clustering
04-02-23 21:52:12 - loading data of methane emission
04-02-23 21:52:13 - the value is available
04-02-23 21:52:13 - starting compute score using clustering
04-02-23 21:52:15 - loading data of methane emission
04-02-23 21:52:17 - the value is available
04-02-23 21:52:17 - starting compute score using clustering
04-02-23 21:52:19 - loading data of methane emission
04-02-23 21:52:20 - the value is available
04-02-23 21:52:20 - starting compute score using clustering
04-02-23 22:13:53 - loading data of methane emission
04-02-23 22:13:54 - the value is available
04-02-23 22:13:54 - starting compute score using clustering
04-02-23 22:18:06 - loading data of methane emission
04-02-23 22:18:07 - the value is available
04-02-23 22:18:07 - starting compute score using clustering
04-02-23 22:18:16 - loading data of methane emission
04-02-23 22:18:17 - the value is available
04-02-23 22:18:17 - starting compute score using clustering
04-02-23 22:19:04 - loading data of methane emission
04-02-23 22:19:05 - the value is available
04-02-23 22:19:05 - starting compute score using clustering
04-02-23 22:34:47 - loading data of methane emission
04-02-23 22:34:48 - the value is available
04-02-23 22:34:48 - starting compute score using clustering
04-02-23 22:38:00 - loading data of methane emission
04-02-23 22:38:01 - the value is available
04-02-23 22:38:01 - starting compute score using clustering
04-02-23 22:40:12 - loading data of methane emission
04-02-23 22:40:13 - the value is available
04-02-23 22:40:13 - starting compute score using clustering
04-02-23 22:41:51 - loading data of methane emission
04-02-23 22:41:52 - the value is available
04-02-23 22:41:52 - starting compute score using clustering
04-02-23 22:42:54 - loading data of methane emission
04-02-23 22:42:55 - the value is available
04-02-23 22:42:55 - starting compute score using clustering
04-02-23 22:43:33 - loading data of methane emission
04-02-23 22:43:34 - the value is available
04-02-23 22:43:34 - starting compute score using clustering
04-02-23 22:44:02 - loading data of methane emission
04-02-23 22:44:03 - the value is available
04-02-23 22:44:03 - starting compute score using clustering
04-02-23 22:44:53 - loading data of methane emission
04-02-23 22:44:54 - the value is available
04-02-23 22:44:54 - starting compute score using clustering
04-02-23 22:48:37 - loading data of methane emission
04-02-23 22:48:38 - the value is available
04-02-23 22:48:38 - starting compute score using clustering
04-02-23 22:49:34 - loading data of methane emission
04-02-23 22:49:35 - the value is available
04-02-23 22:49:35 - starting compute score using clustering
04-02-23 22:53:12 - loading data of methane emission
04-02-23 22:53:13 - the value is available
04-02-23 22:53:13 - starting compute score using clustering
04-02-23 22:57:38 - loading data of methane emission
04-02-23 22:57:39 - the value is available
04-02-23 22:57:39 - starting compute score using clustering
04-02-23 22:59:28 - loading data of methane emission
04-02-23 22:59:29 - the value is available
04-02-23 22:59:29 - starting compute score using clustering
04-02-23 23:00:02 - loading data of methane emission
04-02-23 23:00:03 - the value is available
04-02-23 23:00:03 - starting compute score using clustering
04-02-23 23:01:15 - loading data of methane emission
04-02-23 23:01:16 - the value is available
04-02-23 23:01:16 - starting compute score using clustering
04-02-23 23:01:41 - loading data of methane emission
04-02-23 23:01:42 - the value is available
04-02-23 23:01:42 - starting compute score using clustering
04-02-23 23:02:03 - loading data of methane emission
04-02-23 23:02:04 - the value is available
04-02-23 23:02:04 - starting compute score using clustering
04-02-23 23:02:56 - loading data of methane emission
04-02-23 23:02:57 - the value is available
04-02-23 23:02:57 - starting compute score using clustering
04-02-23 23:04:03 - loading data of methane emission
04-02-23 23:04:04 - the value is available
04-02-23 23:04:04 - starting compute score using clustering
04-02-23 23:07:11 - loading data of methane emission
04-02-23 23:07:12 - the value is available
04-02-23 23:07:12 - starting compute score using clustering
05-02-23 12:10:52 - loading data of methane emission
05-02-23 12:10:54 - loading data of methane emission
05-02-23 12:11:58 - loading data of methane emission
05-02-23 12:12:00 - the value is available
05-02-23 12:12:00 - starting compute score using clustering
05-02-23 12:12:15 - loading data of methane emission
05-02-23 12:12:17 - the value is available
05-02-23 12:12:17 - starting compute score using clustering
05-02-23 12:12:33 - loading data of methane emission
05-02-23 12:12:35 - the value is available
05-02-23 12:12:35 - starting compute score using clustering
05-02-23 12:13:41 - loading data of methane emission
05-02-23 12:13:43 - the value is available
05-02-23 12:13:43 - starting compute score using clustering
05-02-23 12:14:30 - loading data of methane emission
05-02-23 12:14:31 - the value is available
05-02-23 12:14:31 - starting compute score using clustering
05-02-23 12:14:57 - loading data of methane emission
05-02-23 12:14:58 - the value is available
05-02-23 12:14:58 - starting compute score using clustering
05-02-23 12:15:27 - loading data of methane emission
05-02-23 12:15:29 - the value is available
05-02-23 12:15:29 - starting compute score using clustering
05-02-23 12:15:54 - loading data of methane emission
05-02-23 12:15:55 - the value is available
05-02-23 12:15:55 - starting compute score using clustering
05-02-23 12:19:01 - loading data of methane emission
05-02-23 12:19:02 - the value is available
05-02-23 12:19:02 - starting compute score using clustering
05-02-23 12:19:50 - loading data of methane emission
05-02-23 12:19:51 - the value is available
05-02-23 12:19:51 - starting compute score using clustering
05-02-23 12:20:11 - loading data of methane emission
05-02-23 12:20:12 - the value is available
05-02-23 12:20:12 - starting compute score using clustering
05-02-23 12:25:47 - loading data of methane emission
05-02-23 12:25:48 - the value is available
05-02-23 12:25:48 - starting compute score using clustering
05-02-23 12:25:48 - Methods: GlobalMethane(ktco2)
05-02-23 12:26:03 - loading data of methane emission
05-02-23 12:26:05 - the value is available
05-02-23 12:26:05 - starting compute score using clustering
05-02-23 12:26:05 - Methods: Emissions intensity
05-02-23 12:28:28 - loading data of methane emission
05-02-23 12:28:30 - the value is available
05-02-23 12:28:30 - starting compute score using clustering
05-02-23 12:28:30 - Methods: Emissions intensity
05-02-23 18:21:32 - loading data of methane emission
05-02-23 18:21:33 - the value is available
05-02-23 18:21:33 - starting compute score using clustering
05-02-23 18:21:33 - Methods: Emissions intensity
05-02-23 18:22:39 - loading data of methane emission
05-02-23 18:22:41 - the value is available
05-02-23 18:22:41 - starting compute score using clustering
05-02-23 18:22:41 - Methods: GlobalMethane(ktco2)
05-02-23 18:22:53 - loading data of methane emission
05-02-23 18:22:54 - the value is available
05-02-23 18:22:54 - starting compute score using clustering
05-02-23 18:22:54 - Methods: GlobalMethane(ktco2)
05-02-23 18:23:03 - loading data of methane emission
05-02-23 18:23:04 - the value is available
05-02-23 18:23:04 - starting compute score using clustering
05-02-23 18:23:04 - Methods: GlobalMethane(ktco2)
05-02-23 18:23:18 - loading data of methane emission
05-02-23 18:23:20 - the value is available
05-02-23 18:23:20 - starting compute score using clustering
05-02-23 18:23:20 - Methods: GlobalMethane(ktco2)
05-02-23 18:23:27 - loading data of methane emission
05-02-23 18:23:28 - the value is available
05-02-23 18:23:28 - starting compute score using clustering
05-02-23 18:23:28 - Methods: GlobalMethane(ktco2)
05-02-23 18:24:24 - loading data of methane emission
05-02-23 18:24:26 - the value is available
05-02-23 18:24:26 - starting compute score using clustering
05-02-23 18:24:26 - Methods: GlobalMethane(ktco2)
05-02-23 18:24:34 - loading data of methane emission
05-02-23 18:24:35 - the value is missing. starting estimation...
05-02-23 18:24:35 - starting compute score using clustering
05-02-23 18:24:35 - Methods: GlobalMethane(ktco2)
05-02-23 18:24:42 - loading data of methane emission
05-02-23 18:24:43 - the value is missing. starting estimation...
05-02-23 18:24:43 - starting compute score using clustering
05-02-23 18:24:43 - Methods: GlobalMethane(ktco2)
05-02-23 18:24:48 - loading data of methane emission
05-02-23 18:24:49 - the value is missing. starting estimation...
05-02-23 18:24:49 - starting compute score using clustering
05-02-23 18:24:49 - Methods: GlobalMethane(ktco2)
05-02-23 18:25:01 - loading data of methane emission
05-02-23 18:25:02 - the value is available
05-02-23 18:25:02 - starting compute score using clustering
05-02-23 18:25:02 - Methods: GlobalMethane(ktco2)
05-02-23 18:27:17 - loading data of methane emission
05-02-23 18:27:19 - the value is available
05-02-23 18:27:19 - starting compute score using clustering
05-02-23 18:27:19 - Methods: meth_valuebylandaera
05-02-23 18:27:54 - loading data of methane emission
05-02-23 18:27:56 - the value is missing. starting estimation...
05-02-23 18:27:56 - starting compute score using clustering
05-02-23 18:27:56 - Methods: meth_valuebylandaera
05-02-23 18:28:23 - loading data of methane emission
05-02-23 18:28:25 - the value is available
05-02-23 18:28:25 - starting compute score using clustering
05-02-23 18:28:25 - Methods: meth_valuebylandaera
05-02-23 18:29:49 - loading data of methane emission
05-02-23 18:29:51 - the value is available
05-02-23 18:29:51 - starting compute score using clustering
05-02-23 18:29:51 - Methods: Per capita emissions
05-02-23 18:30:40 - loading data of methane emission
05-02-23 18:30:42 - the value is available
05-02-23 18:30:42 - starting compute score using clustering
05-02-23 18:30:42 - Methods: Emissions intensity
05-02-23 18:30:56 - loading data of methane emission
05-02-23 18:30:58 - the value is available
05-02-23 18:30:58 - starting compute score using clustering
05-02-23 18:30:58 - Methods: GlobalMethane(ktco2)
05-02-23 18:37:20 - loading data of methane emission
05-02-23 18:37:22 - the value is available
05-02-23 18:37:22 - starting compute score using clustering
05-02-23 18:37:22 - Methods: Per capita density emissions
05-02-23 18:37:42 - loading data of methane emission
05-02-23 18:37:44 - the value is available
05-02-23 18:37:44 - starting compute score using clustering
05-02-23 18:37:44 - Methods: Per capita emissions
05-02-23 18:37:48 - loading data of methane emission
05-02-23 18:37:49 - the value is available
05-02-23 18:37:49 - starting compute score using clustering
05-02-23 18:37:49 - Methods: Per capita emissions
05-02-23 18:39:09 - loading data of methane emission
05-02-23 18:39:11 - the value is available
05-02-23 18:39:11 - starting compute score using clustering
05-02-23 18:39:11 - Methods: Emissions intensity
05-02-23 18:47:33 - loading data of methane emission
05-02-23 18:47:35 - the value is available
05-02-23 18:47:35 - starting compute score using clustering
05-02-23 18:47:35 - Methods: GlobalMethane(ktco2)
05-02-23 18:49:00 - loading data of methane emission
05-02-23 18:49:01 - the value is available
05-02-23 18:49:01 - starting compute score using clustering
05-02-23 18:49:01 - Methods: Emissions intensity
05-02-23 18:49:44 - loading data of methane emission
05-02-23 18:49:46 - the value is available
05-02-23 18:49:46 - starting compute score using clustering
05-02-23 18:49:46 - Methods: Per capita emissions
05-02-23 18:54:14 - loading data of methane emission
05-02-23 18:54:15 - the value is available
05-02-23 18:54:15 - starting compute score using clustering
05-02-23 18:54:15 - Methods: Per capita emissions
05-02-23 18:55:03 - loading data of methane emission
05-02-23 18:55:04 - the value is available
05-02-23 18:55:04 - starting compute score using clustering
05-02-23 18:55:04 - Methods: Per capita emissions
05-02-23 18:56:00 - loading data of methane emission
05-02-23 18:56:01 - the value is available
05-02-23 18:56:01 - starting compute score using clustering
05-02-23 18:56:01 - Methods: Per capita emissions
05-02-23 18:56:33 - loading data of methane emission
05-02-23 18:56:35 - the value is available
05-02-23 18:56:35 - starting compute score using clustering
05-02-23 18:56:35 - Methods: Emissions intensity
05-02-23 19:24:04 - loading data of methane emission
05-02-23 19:24:05 - the value is available
05-02-23 19:24:05 - starting compute score using clustering
05-02-23 19:24:05 - Methods: Emissions intensity
05-02-23 19:24:34 - loading data of methane emission
05-02-23 19:24:36 - the value is available
05-02-23 19:24:36 - starting compute score using clustering
05-02-23 19:24:36 - Methods: GlobalMethane(ktco2)
05-02-23 19:25:15 - loading data of methane emission
05-02-23 19:25:17 - the value is available
05-02-23 19:25:17 - starting compute score using clustering
05-02-23 19:25:17 - Methods: GlobalMethane(ktco2)
05-02-23 19:25:20 - loading data of methane emission
05-02-23 19:25:21 - the value is available
05-02-23 19:25:21 - starting compute score using clustering
05-02-23 19:25:21 - Methods: GlobalMethane(ktco2)
05-02-23 19:25:31 - loading data of methane emission
05-02-23 19:25:32 - the value is available
05-02-23 19:25:32 - starting compute score using clustering
05-02-23 19:25:32 - Methods: GlobalMethane(ktco2)
05-02-23 19:25:41 - loading data of methane emission
05-02-23 19:25:43 - the value is available
05-02-23 19:25:43 - starting compute score using clustering
05-02-23 19:25:43 - Methods: GlobalMethane(ktco2)
05-02-23 19:27:57 - loading data of methane emission
05-02-23 19:27:59 - the value is available
05-02-23 19:27:59 - starting compute score using clustering
05-02-23 19:27:59 - Methods: Per capita emissions
05-02-23 19:28:56 - loading data of methane emission
05-02-23 19:28:58 - the value is available
05-02-23 19:28:58 - starting compute score using clustering
05-02-23 19:28:58 - Methods: Emissions intensity
05-02-23 19:29:40 - loading data of methane emission
05-02-23 19:29:42 - the value is available
05-02-23 19:29:42 - starting compute score using clustering
05-02-23 19:29:42 - Methods: GlobalMethane(ktco2)
05-02-23 19:30:14 - loading data of methane emission
05-02-23 19:30:15 - the value is available
05-02-23 19:30:15 - starting compute score using clustering
05-02-23 19:30:15 - Methods: Per capita emissions
05-02-23 19:31:27 - loading data of methane emission
05-02-23 19:31:29 - the value is available
05-02-23 19:31:29 - starting compute score using clustering
05-02-23 19:31:29 - Methods: Emissions intensity
